<?xml version="1.0" encoding="UTF-8"?>
<!-- Generated by org.testng.reporters.JUnitXMLReporter -->
<testsuite hostname="DESKTOP-KD7RQOH" ignored="0" name="Command line test" tests="5" failures="0" timestamp="19 May 2020 14:36:05 GMT" time="0.057" errors="0">
  <testcase name="hai" time="0.011" classname="sample.SeleniumTest"/>
  <testcase name="hello" time="0.001" classname="sample.SeleniumTest"/>
  <testcase name="test" time="0.0" classname="sample.SeleniumTest"/>
  <testcase name="samp" time="0.001" classname="sample.SeleTest"/>
  <testcase name="selvi" time="0.001" classname="sample.SeleTest"/>
</testsuite> <!-- Command line test -->
