<?xml version="1.0" encoding="UTF-8"?>
<testng-results skipped="0" failed="0" ignored="0" total="3" passed="3">
  <reporter-output>
  </reporter-output>
  <suite name="Suite" duration-ms="51" started-at="2020-05-19T14:37:06Z" finished-at="2020-05-19T14:37:06Z">
    <groups>
    </groups>
    <test name="Test" duration-ms="51" started-at="2020-05-19T14:37:06Z" finished-at="2020-05-19T14:37:06Z">
      <class name="sample.SeleniumTest">
        <test-method status="PASS" signature="hai()[pri:0, instance:sample.SeleniumTest@6279cee3]" name="hai" duration-ms="13" started-at="2020-05-19T07:37:06Z" finished-at="2020-05-19T07:37:06Z">
          <reporter-output>
          </reporter-output>
        </test-method> <!-- hai -->
        <test-method status="PASS" signature="hello()[pri:0, instance:sample.SeleniumTest@6279cee3]" name="hello" duration-ms="0" started-at="2020-05-19T07:37:06Z" finished-at="2020-05-19T07:37:06Z">
          <reporter-output>
          </reporter-output>
        </test-method> <!-- hello -->
        <test-method status="PASS" signature="test()[pri:0, instance:sample.SeleniumTest@6279cee3]" name="test" duration-ms="1" started-at="2020-05-19T07:37:06Z" finished-at="2020-05-19T07:37:06Z">
          <reporter-output>
          </reporter-output>
        </test-method> <!-- test -->
      </class> <!-- sample.SeleniumTest -->
    </test> <!-- Test -->
  </suite> <!-- Suite -->
</testng-results>
